<?xml version="1.0" encoding="UTF-8"?>
<!-- Generated by org.testng.reporters.JUnitReportReporter -->
<testsuite skipped="0" hostname="DESKTOP-3HP5LFB" name="com.fullstack.batch3.APITest" tests="2" failures="0" timestamp="19 Sep 2020 07:05:17 GMT" time="5.982" errors="0">
  <testcase name="testLoginAPI" time="3.587" classname="com.fullstack.batch3.APITest"/>
  <testcase name="testDashboardAPI" time="2.395" classname="com.fullstack.batch3.APITest"/>
</testsuite> <!-- com.fullstack.batch3.APITest -->
